This file contains any messages produced by compilers while
running configure, to aid debugging if configure makes a mistake.

It was created by isl configure 0.18, which was
generated by GNU Autoconf 2.69.  Invocation command line was

  $ ./configure --enable-shared --enable-static --with-int=gmp

## --------- ##
## Platform. ##
## --------- ##

hostname = tank
uname -m = x86_64
uname -r = 4.13.0-38-generic
uname -s = Linux
uname -v = #43-Ubuntu SMP Wed Mar 14 15:20:44 UTC 2018

/usr/bin/uname -p = unknown
/bin/uname -X     = unknown

/bin/arch              = unknown
/usr/bin/arch -k       = unknown
/usr/convex/getsysinfo = unknown
/usr/bin/hostinfo      = unknown
/bin/machine           = unknown
/usr/bin/oslevel       = unknown
/bin/universe          = unknown

PATH: /usr/local/sbin
PATH: /usr/local/bin
PATH: /usr/sbin
PATH: /usr/bin
PATH: /sbin
PATH: /bin
PATH: /usr/games
PATH: /usr/local/games
PATH: /snap/bin
PATH: /opt/postman/


## ----------- ##
## Core tests. ##
## ----------- ##

configure:2868: checking for a BSD-compatible install
configure:2936: result: /usr/bin/install -c
configure:2947: checking whether build environment is sane
configure:3002: result: yes
configure:3153: checking for a thread-safe mkdir -p
configure:3192: result: /bin/mkdir -p
configure:3199: checking for gawk
configure:3215: found /usr/bin/gawk
configure:3226: result: gawk
configure:3237: checking whether make sets $(MAKE)
configure:3259: result: yes
configure:3288: checking whether make supports nested variables
configure:3305: result: yes
configure:3442: checking whether make supports nested variables
configure:3459: result: yes
configure:3533: checking for gcc
configure:3549: found /usr/bin/gcc
configure:3560: result: gcc
configure:3789: checking for C compiler version
configure:3798: gcc --version >&5
gcc (Ubuntu 7.2.0-8ubuntu3.2) 7.2.0
Copyright (C) 2017 Free Software Foundation, Inc.
This is free software; see the source for copying conditions.  There is NO
warranty; not even for MERCHANTABILITY or FITNESS FOR A PARTICULAR PURPOSE.

configure:3809: $? = 0
configure:3798: gcc -v >&5
Using built-in specs.
COLLECT_GCC=gcc
COLLECT_LTO_WRAPPER=/usr/lib/gcc/x86_64-linux-gnu/7/lto-wrapper
OFFLOAD_TARGET_NAMES=nvptx-none
OFFLOAD_TARGET_DEFAULT=1
Target: x86_64-linux-gnu
Configured with: ../src/configure -v --with-pkgversion='Ubuntu 7.2.0-8ubuntu3.2' --with-bugurl=file:///usr/share/doc/gcc-7/README.Bugs --enable-languages=c,ada,c++,go,brig,d,fortran,objc,obj-c++ --prefix=/usr --with-gcc-major-version-only --program-suffix=-7 --program-prefix=x86_64-linux-gnu- --enable-shared --enable-linker-build-id --libexecdir=/usr/lib --without-included-gettext --enable-threads=posix --libdir=/usr/lib --enable-nls --with-sysroot=/ --enable-clocale=gnu --enable-libstdcxx-debug --enable-libstdcxx-time=yes --with-default-libstdcxx-abi=new --enable-gnu-unique-object --disable-vtable-verify --enable-libmpx --enable-plugin --enable-default-pie --with-system-zlib --with-target-system-zlib --enable-objc-gc=auto --enable-multiarch --disable-werror --with-arch-32=i686 --with-abi=m64 --with-multilib-list=m32,m64,mx32 --enable-multilib --with-tune=generic --enable-offload-targets=nvptx-none --without-cuda-driver --enable-checking=release --build=x86_64-linux-gnu --host=x86_64-linux-gnu --target=x86_64-linux-gnu
Thread model: posix
gcc version 7.2.0 (Ubuntu 7.2.0-8ubuntu3.2) 
configure:3809: $? = 0
configure:3798: gcc -V >&5
gcc: error: unrecognized command line option '-V'
gcc: fatal error: no input files
compilation terminated.
configure:3809: $? = 1
configure:3798: gcc -qversion >&5
gcc: error: unrecognized command line option '-qversion'; did you mean '--version'?
gcc: fatal error: no input files
compilation terminated.
configure:3809: $? = 1
configure:3829: checking whether the C compiler works
configure:3851: gcc    conftest.c  >&5
configure:3855: $? = 0
configure:3903: result: yes
configure:3906: checking for C compiler default output file name
configure:3908: result: a.out
configure:3914: checking for suffix of executables
configure:3921: gcc -o conftest    conftest.c  >&5
configure:3925: $? = 0
configure:3947: result: 
configure:3969: checking whether we are cross compiling
configure:3977: gcc -o conftest    conftest.c  >&5
configure:3981: $? = 0
configure:3988: ./conftest
configure:3992: $? = 0
configure:4007: result: no
configure:4012: checking for suffix of object files
configure:4034: gcc -c   conftest.c >&5
configure:4038: $? = 0
configure:4059: result: o
configure:4063: checking whether we are using the GNU C compiler
configure:4082: gcc -c   conftest.c >&5
configure:4082: $? = 0
configure:4091: result: yes
configure:4100: checking whether gcc accepts -g
configure:4120: gcc -c -g  conftest.c >&5
configure:4120: $? = 0
configure:4161: result: yes
configure:4178: checking for gcc option to accept ISO C89
configure:4241: gcc  -c -g -O2  conftest.c >&5
configure:4241: $? = 0
configure:4254: result: none needed
configure:4279: checking whether gcc understands -c and -o together
configure:4301: gcc -c conftest.c -o conftest2.o
configure:4304: $? = 0
configure:4301: gcc -c conftest.c -o conftest2.o
configure:4304: $? = 0
configure:4316: result: yes
configure:4344: checking for style of include used by make
configure:4372: result: GNU
configure:4398: checking dependency style of gcc
configure:4509: result: gcc3
configure:4582: checking for g++
configure:4598: found /usr/bin/g++
configure:4609: result: g++
configure:4636: checking for C++ compiler version
configure:4645: g++ --version >&5
g++ (Ubuntu 7.2.0-8ubuntu3.2) 7.2.0
Copyright (C) 2017 Free Software Foundation, Inc.
This is free software; see the source for copying conditions.  There is NO
warranty; not even for MERCHANTABILITY or FITNESS FOR A PARTICULAR PURPOSE.

configure:4656: $? = 0
configure:4645: g++ -v >&5
Using built-in specs.
COLLECT_GCC=g++
COLLECT_LTO_WRAPPER=/usr/lib/gcc/x86_64-linux-gnu/7/lto-wrapper
OFFLOAD_TARGET_NAMES=nvptx-none
OFFLOAD_TARGET_DEFAULT=1
Target: x86_64-linux-gnu
Configured with: ../src/configure -v --with-pkgversion='Ubuntu 7.2.0-8ubuntu3.2' --with-bugurl=file:///usr/share/doc/gcc-7/README.Bugs --enable-languages=c,ada,c++,go,brig,d,fortran,objc,obj-c++ --prefix=/usr --with-gcc-major-version-only --program-suffix=-7 --program-prefix=x86_64-linux-gnu- --enable-shared --enable-linker-build-id --libexecdir=/usr/lib --without-included-gettext --enable-threads=posix --libdir=/usr/lib --enable-nls --with-sysroot=/ --enable-clocale=gnu --enable-libstdcxx-debug --enable-libstdcxx-time=yes --with-default-libstdcxx-abi=new --enable-gnu-unique-object --disable-vtable-verify --enable-libmpx --enable-plugin --enable-default-pie --with-system-zlib --with-target-system-zlib --enable-objc-gc=auto --enable-multiarch --disable-werror --with-arch-32=i686 --with-abi=m64 --with-multilib-list=m32,m64,mx32 --enable-multilib --with-tune=generic --enable-offload-targets=nvptx-none --without-cuda-driver --enable-checking=release --build=x86_64-linux-gnu --host=x86_64-linux-gnu --target=x86_64-linux-gnu
Thread model: posix
gcc version 7.2.0 (Ubuntu 7.2.0-8ubuntu3.2) 
configure:4656: $? = 0
configure:4645: g++ -V >&5
g++: error: unrecognized command line option '-V'
g++: fatal error: no input files
compilation terminated.
configure:4656: $? = 1
configure:4645: g++ -qversion >&5
g++: error: unrecognized command line option '-qversion'; did you mean '--version'?
g++: fatal error: no input files
compilation terminated.
configure:4656: $? = 1
configure:4660: checking whether we are using the GNU C++ compiler
configure:4679: g++ -c   conftest.cpp >&5
configure:4679: $? = 0
configure:4688: result: yes
configure:4697: checking whether g++ accepts -g
configure:4717: g++ -c -g  conftest.cpp >&5
configure:4717: $? = 0
configure:4758: result: yes
configure:4783: checking dependency style of g++
configure:4894: result: gcc3
configure:4912: checking for C compiler vendor
configure:4936: gcc -c -g -O2  conftest.c >&5
conftest.c: In function 'main':
conftest.c:17:7: error: 'thisisanerror' undeclared (first use in this function)
       thisisanerror;
       ^~~~~~~~~~~~~
conftest.c:17:7: note: each undeclared identifier is reported only once for each function it appears in
configure:4936: $? = 1
configure: failed program was:
| /* confdefs.h */
| #define PACKAGE_NAME "isl"
| #define PACKAGE_TARNAME "isl"
| #define PACKAGE_VERSION "0.18"
| #define PACKAGE_STRING "isl 0.18"
| #define PACKAGE_BUGREPORT "isl-development@googlegroups.com"
| #define PACKAGE_URL ""
| #define PACKAGE "isl"
| #define VERSION "0.18"
| /* end confdefs.h.  */
| 
| int
| main ()
| {
| 
| #if !(defined(__ICC) || defined(__ECC) || defined(__INTEL_COMPILER))
|       thisisanerror;
| #endif
| 
|   ;
|   return 0;
| }
configure:4936: gcc -c -g -O2  conftest.c >&5
conftest.c: In function 'main':
conftest.c:17:7: error: 'thisisanerror' undeclared (first use in this function)
       thisisanerror;
       ^~~~~~~~~~~~~
conftest.c:17:7: note: each undeclared identifier is reported only once for each function it appears in
configure:4936: $? = 1
configure: failed program was:
| /* confdefs.h */
| #define PACKAGE_NAME "isl"
| #define PACKAGE_TARNAME "isl"
| #define PACKAGE_VERSION "0.18"
| #define PACKAGE_STRING "isl 0.18"
| #define PACKAGE_BUGREPORT "isl-development@googlegroups.com"
| #define PACKAGE_URL ""
| #define PACKAGE "isl"
| #define VERSION "0.18"
| /* end confdefs.h.  */
| 
| int
| main ()
| {
| 
| #if !(defined(__xlc__) || defined(__xlC__) || defined(__IBMC__) || defined(__IBMCPP__))
|       thisisanerror;
| #endif
| 
|   ;
|   return 0;
| }
configure:4936: gcc -c -g -O2  conftest.c >&5
conftest.c: In function 'main':
conftest.c:17:7: error: 'thisisanerror' undeclared (first use in this function)
       thisisanerror;
       ^~~~~~~~~~~~~
conftest.c:17:7: note: each undeclared identifier is reported only once for each function it appears in
configure:4936: $? = 1
configure: failed program was:
| /* confdefs.h */
| #define PACKAGE_NAME "isl"
| #define PACKAGE_TARNAME "isl"
| #define PACKAGE_VERSION "0.18"
| #define PACKAGE_STRING "isl 0.18"
| #define PACKAGE_BUGREPORT "isl-development@googlegroups.com"
| #define PACKAGE_URL ""
| #define PACKAGE "isl"
| #define VERSION "0.18"
| /* end confdefs.h.  */
| 
| int
| main ()
| {
| 
| #if !(defined(__PATHCC__) || defined(__PATHSCALE__))
|       thisisanerror;
| #endif
| 
|   ;
|   return 0;
| }
configure:4936: gcc -c -g -O2  conftest.c >&5
conftest.c: In function 'main':
conftest.c:17:7: error: 'thisisanerror' undeclared (first use in this function)
       thisisanerror;
       ^~~~~~~~~~~~~
conftest.c:17:7: note: each undeclared identifier is reported only once for each function it appears in
configure:4936: $? = 1
configure: failed program was:
| /* confdefs.h */
| #define PACKAGE_NAME "isl"
| #define PACKAGE_TARNAME "isl"
| #define PACKAGE_VERSION "0.18"
| #define PACKAGE_STRING "isl 0.18"
| #define PACKAGE_BUGREPORT "isl-development@googlegroups.com"
| #define PACKAGE_URL ""
| #define PACKAGE "isl"
| #define VERSION "0.18"
| /* end confdefs.h.  */
| 
| int
| main ()
| {
| 
| #if !(defined(__clang__))
|       thisisanerror;
| #endif
| 
|   ;
|   return 0;
| }
configure:4936: gcc -c -g -O2  conftest.c >&5
configure:4936: $? = 0
configure:4943: result: gnu
configure:4950: checking build system type
configure:4964: result: x86_64-unknown-linux-gnu
configure:4984: checking host system type
configure:4997: result: x86_64-unknown-linux-gnu
configure:5273: checking whether C compiler accepts -malign-double
configure:5292: gcc -c -malign-double  conftest.c >&5
configure:5292: $? = 0
configure:5302: result: yes
configure:5312: checking whether C compiler accepts -fstrict-aliasing
configure:5331: gcc -c -fstrict-aliasing  conftest.c >&5
configure:5331: $? = 0
configure:5341: result: yes
configure:5351: checking whether C compiler accepts -ffast-math
configure:5370: gcc -c -ffast-math  conftest.c >&5
configure:5370: $? = 0
configure:5380: result: yes
configure:5401: checking for gcc architecture flag
configure:5403: result: 
configure:5425: checking for x86 cpuid 0 output
configure:5454: gcc -o conftest -O3 -fomit-frame-pointer -malign-double -fstrict-aliasing -ffast-math   conftest.c  >&5
configure:5454: $? = 0
configure:5454: ./conftest
configure:5454: $? = 0
configure:5464: result: 16:756e6547:6c65746e:49656e69
configure:5480: checking for x86 cpuid 1 output
configure:5509: gcc -o conftest -O3 -fomit-frame-pointer -malign-double -fstrict-aliasing -ffast-math   conftest.c  >&5
configure:5509: $? = 0
configure:5509: ./conftest
configure:5509: $? = 0
configure:5519: result: 806ea:100800:7ffafbbf:bfebfbff
configure:5733: checking whether C compiler accepts -march=pentiumpro
configure:5748: gcc -c -march=pentiumpro  conftest.c >&5
cc1: error: CPU you selected does not support x86-64 instruction set
configure:5748: $? = 1
configure: failed program was:
| /* confdefs.h */
| #define PACKAGE_NAME "isl"
| #define PACKAGE_TARNAME "isl"
| #define PACKAGE_VERSION "0.18"
| #define PACKAGE_STRING "isl 0.18"
| #define PACKAGE_BUGREPORT "isl-development@googlegroups.com"
| #define PACKAGE_URL ""
| #define PACKAGE "isl"
| #define VERSION "0.18"
| /* end confdefs.h.  */
| 
| int
| main ()
| {
| 
|   ;
|   return 0;
| }
configure:5756: result: no
configure:5733: checking whether C compiler accepts -mcpu=pentiumpro
configure:5748: gcc -c -mcpu=pentiumpro  conftest.c >&5
gcc: warning: '-mcpu=' is deprecated; use '-mtune=' or '-march=' instead
cc1: error: CPU you selected does not support x86-64 instruction set
configure:5748: $? = 1
configure: failed program was:
| /* confdefs.h */
| #define PACKAGE_NAME "isl"
| #define PACKAGE_TARNAME "isl"
| #define PACKAGE_VERSION "0.18"
| #define PACKAGE_STRING "isl 0.18"
| #define PACKAGE_BUGREPORT "isl-development@googlegroups.com"
| #define PACKAGE_URL ""
| #define PACKAGE "isl"
| #define VERSION "0.18"
| /* end confdefs.h.  */
| 
| int
| main ()
| {
| 
|   ;
|   return 0;
| }
configure:5756: result: no
configure:5733: checking whether C compiler accepts -mpentiumpro
configure:5748: gcc -c -mpentiumpro  conftest.c >&5
gcc: error: unrecognized command line option '-mpentiumpro'
configure:5748: $? = 1
configure: failed program was:
| /* confdefs.h */
| #define PACKAGE_NAME "isl"
| #define PACKAGE_TARNAME "isl"
| #define PACKAGE_VERSION "0.18"
| #define PACKAGE_STRING "isl 0.18"
| #define PACKAGE_BUGREPORT "isl-development@googlegroups.com"
| #define PACKAGE_URL ""
| #define PACKAGE "isl"
| #define VERSION "0.18"
| /* end confdefs.h.  */
| 
| int
| main ()
| {
| 
|   ;
|   return 0;
| }
configure:5756: result: no
configure:5773: checking for gcc architecture flag
configure:5775: result: unknown
configure:5807: checking whether C compiler accepts -O3 -fomit-frame-pointer -malign-double -fstrict-aliasing -ffast-math
configure:5822: gcc -c -O3 -fomit-frame-pointer -malign-double -fstrict-aliasing -ffast-math  conftest.c >&5
configure:5822: $? = 0
configure:5830: result: yes
configure:5850: checking whether the compiler supports function __attribute__((__warn_unused_result__))
configure:5868: gcc -c -O3 -fomit-frame-pointer -malign-double -fstrict-aliasing -ffast-math  conftest.c >&5
configure:5868: $? = 0
configure:5875: result: yes
configure:5884: checking for __attribute__
configure:5906: gcc -c -O3 -fomit-frame-pointer -malign-double -fstrict-aliasing -ffast-math  conftest.c >&5
configure:5906: $? = 0
configure:5915: result: yes
configure:5970: checking how to print strings
configure:5997: result: printf
configure:6018: checking for a sed that does not truncate output
configure:6082: result: /bin/sed
configure:6100: checking for grep that handles long lines and -e
configure:6158: result: /bin/grep
configure:6163: checking for egrep
configure:6225: result: /bin/grep -E
configure:6230: checking for fgrep
configure:6292: result: /bin/grep -F
configure:6327: checking for ld used by gcc
configure:6394: result: /usr/bin/ld
configure:6401: checking if the linker (/usr/bin/ld) is GNU ld
configure:6416: result: yes
configure:6428: checking for BSD- or MS-compatible name lister (nm)
configure:6482: result: /usr/bin/nm -B
configure:6612: checking the name lister (/usr/bin/nm -B) interface
configure:6619: gcc -c -O3 -fomit-frame-pointer -malign-double -fstrict-aliasing -ffast-math  conftest.c >&5
configure:6622: /usr/bin/nm -B "conftest.o"
configure:6625: output
0000000000000000 B some_variable
configure:6632: result: BSD nm
configure:6635: checking whether ln -s works
configure:6639: result: yes
configure:6647: checking the maximum length of command line arguments
configure:6778: result: 1572864
configure:6826: checking how to convert x86_64-unknown-linux-gnu file names to x86_64-unknown-linux-gnu format
configure:6866: result: func_convert_file_noop
configure:6873: checking how to convert x86_64-unknown-linux-gnu file names to toolchain format
configure:6893: result: func_convert_file_noop
configure:6900: checking for /usr/bin/ld option to reload object files
configure:6907: result: -r
configure:6981: checking for objdump
configure:6997: found /usr/bin/objdump
configure:7008: result: objdump
configure:7040: checking how to recognize dependent libraries
configure:7240: result: pass_all
configure:7325: checking for dlltool
configure:7355: result: no
configure:7385: checking how to associate runtime and link libraries
configure:7412: result: printf %s\n
configure:7472: checking for ar
configure:7488: found /usr/bin/ar
configure:7499: result: ar
configure:7536: checking for archiver @FILE support
configure:7553: gcc -c -O3 -fomit-frame-pointer -malign-double -fstrict-aliasing -ffast-math  conftest.c >&5
configure:7553: $? = 0
configure:7556: ar cru libconftest.a @conftest.lst >&5
ar: `u' modifier ignored since `D' is the default (see `U')
configure:7559: $? = 0
configure:7564: ar cru libconftest.a @conftest.lst >&5
ar: `u' modifier ignored since `D' is the default (see `U')
ar: conftest.o: No such file or directory
configure:7567: $? = 1
configure:7579: result: @
configure:7637: checking for strip
configure:7653: found /usr/bin/strip
configure:7664: result: strip
configure:7736: checking for ranlib
configure:7752: found /usr/bin/ranlib
configure:7763: result: ranlib
configure:7865: checking command to parse /usr/bin/nm -B output from gcc object
configure:8018: gcc -c -O3 -fomit-frame-pointer -malign-double -fstrict-aliasing -ffast-math  conftest.c >&5
configure:8021: $? = 0
configure:8025: /usr/bin/nm -B conftest.o \| sed -n -e 's/^.*[ ]\([ABCDGIRSTW][ABCDGIRSTW]*\)[ ][ ]*\([_A-Za-z][_A-Za-z0-9]*\)$/\1 \2 \2/p' | sed '/ __gnu_lto/d' \> conftest.nm
configure:8028: $? = 0
configure:8094: gcc -o conftest -O3 -fomit-frame-pointer -malign-double -fstrict-aliasing -ffast-math   conftest.c conftstm.o >&5
configure:8097: $? = 0
configure:8135: result: ok
configure:8182: checking for sysroot
configure:8212: result: no
configure:8219: checking for a working dd
configure:8257: result: /bin/dd
configure:8261: checking how to truncate binary pipes
configure:8276: result: /bin/dd bs=4096 count=1
configure:8412: gcc -c -O3 -fomit-frame-pointer -malign-double -fstrict-aliasing -ffast-math  conftest.c >&5
configure:8415: $? = 0
configure:8605: checking for mt
configure:8621: found /bin/mt
configure:8632: result: mt
configure:8655: checking if mt is a manifest tool
configure:8661: mt '-?'
configure:8669: result: no
configure:9346: checking how to run the C preprocessor
configure:9377: gcc -E  conftest.c
configure:9377: $? = 0
configure:9391: gcc -E  conftest.c
conftest.c:13:10: fatal error: ac_nonexistent.h: No such file or directory
 #include <ac_nonexistent.h>
          ^~~~~~~~~~~~~~~~~~
compilation terminated.
configure:9391: $? = 1
configure: failed program was:
| /* confdefs.h */
| #define PACKAGE_NAME "isl"
| #define PACKAGE_TARNAME "isl"
| #define PACKAGE_VERSION "0.18"
| #define PACKAGE_STRING "isl 0.18"
| #define PACKAGE_BUGREPORT "isl-development@googlegroups.com"
| #define PACKAGE_URL ""
| #define PACKAGE "isl"
| #define VERSION "0.18"
| #define GCC_WARN_UNUSED_RESULT __attribute__((__warn_unused_result__))
| #define HAVE___ATTRIBUTE__ 1
| /* end confdefs.h.  */
| #include <ac_nonexistent.h>
configure:9416: result: gcc -E
configure:9436: gcc -E  conftest.c
configure:9436: $? = 0
configure:9450: gcc -E  conftest.c
conftest.c:13:10: fatal error: ac_nonexistent.h: No such file or directory
 #include <ac_nonexistent.h>
          ^~~~~~~~~~~~~~~~~~
compilation terminated.
configure:9450: $? = 1
configure: failed program was:
| /* confdefs.h */
| #define PACKAGE_NAME "isl"
| #define PACKAGE_TARNAME "isl"
| #define PACKAGE_VERSION "0.18"
| #define PACKAGE_STRING "isl 0.18"
| #define PACKAGE_BUGREPORT "isl-development@googlegroups.com"
| #define PACKAGE_URL ""
| #define PACKAGE "isl"
| #define VERSION "0.18"
| #define GCC_WARN_UNUSED_RESULT __attribute__((__warn_unused_result__))
| #define HAVE___ATTRIBUTE__ 1
| /* end confdefs.h.  */
| #include <ac_nonexistent.h>
configure:9479: checking for ANSI C header files
configure:9499: gcc -c -O3 -fomit-frame-pointer -malign-double -fstrict-aliasing -ffast-math  conftest.c >&5
configure:9499: $? = 0
configure:9572: gcc -o conftest -O3 -fomit-frame-pointer -malign-double -fstrict-aliasing -ffast-math   conftest.c  >&5
configure:9572: $? = 0
configure:9572: ./conftest
configure:9572: $? = 0
configure:9583: result: yes
configure:9596: checking for sys/types.h
configure:9596: gcc -c -O3 -fomit-frame-pointer -malign-double -fstrict-aliasing -ffast-math  conftest.c >&5
configure:9596: $? = 0
configure:9596: result: yes
configure:9596: checking for sys/stat.h
configure:9596: gcc -c -O3 -fomit-frame-pointer -malign-double -fstrict-aliasing -ffast-math  conftest.c >&5
configure:9596: $? = 0
configure:9596: result: yes
configure:9596: checking for stdlib.h
configure:9596: gcc -c -O3 -fomit-frame-pointer -malign-double -fstrict-aliasing -ffast-math  conftest.c >&5
configure:9596: $? = 0
configure:9596: result: yes
configure:9596: checking for string.h
configure:9596: gcc -c -O3 -fomit-frame-pointer -malign-double -fstrict-aliasing -ffast-math  conftest.c >&5
configure:9596: $? = 0
configure:9596: result: yes
configure:9596: checking for memory.h
configure:9596: gcc -c -O3 -fomit-frame-pointer -malign-double -fstrict-aliasing -ffast-math  conftest.c >&5
configure:9596: $? = 0
configure:9596: result: yes
configure:9596: checking for strings.h
configure:9596: gcc -c -O3 -fomit-frame-pointer -malign-double -fstrict-aliasing -ffast-math  conftest.c >&5
configure:9596: $? = 0
configure:9596: result: yes
configure:9596: checking for inttypes.h
configure:9596: gcc -c -O3 -fomit-frame-pointer -malign-double -fstrict-aliasing -ffast-math  conftest.c >&5
configure:9596: $? = 0
configure:9596: result: yes
configure:9596: checking for stdint.h
configure:9596: gcc -c -O3 -fomit-frame-pointer -malign-double -fstrict-aliasing -ffast-math  conftest.c >&5
configure:9596: $? = 0
configure:9596: result: yes
configure:9596: checking for unistd.h
configure:9596: gcc -c -O3 -fomit-frame-pointer -malign-double -fstrict-aliasing -ffast-math  conftest.c >&5
configure:9596: $? = 0
configure:9596: result: yes
configure:9610: checking for dlfcn.h
configure:9610: gcc -c -O3 -fomit-frame-pointer -malign-double -fstrict-aliasing -ffast-math  conftest.c >&5
configure:9610: $? = 0
configure:9610: result: yes
configure:9877: checking for objdir
configure:9892: result: .libs
configure:10156: checking if gcc supports -fno-rtti -fno-exceptions
configure:10174: gcc -c -O3 -fomit-frame-pointer -malign-double -fstrict-aliasing -ffast-math  -fno-rtti -fno-exceptions conftest.c >&5
cc1: warning: command line option '-fno-rtti' is valid for C++/ObjC++ but not for C
configure:10178: $? = 0
configure:10191: result: no
configure:10549: checking for gcc option to produce PIC
configure:10556: result: -fPIC -DPIC
configure:10564: checking if gcc PIC flag -fPIC -DPIC works
configure:10582: gcc -c -O3 -fomit-frame-pointer -malign-double -fstrict-aliasing -ffast-math  -fPIC -DPIC -DPIC conftest.c >&5
configure:10586: $? = 0
configure:10599: result: yes
configure:10628: checking if gcc static flag -static works
configure:10656: result: yes
configure:10671: checking if gcc supports -c -o file.o
configure:10692: gcc -c -O3 -fomit-frame-pointer -malign-double -fstrict-aliasing -ffast-math  -o out/conftest2.o conftest.c >&5
configure:10696: $? = 0
configure:10718: result: yes
configure:10726: checking if gcc supports -c -o file.o
configure:10773: result: yes
configure:10806: checking whether the gcc linker (/usr/bin/ld -m elf_x86_64) supports shared libraries
configure:12069: result: yes
configure:12106: checking whether -lc should be explicitly linked in
configure:12114: gcc -c -O3 -fomit-frame-pointer -malign-double -fstrict-aliasing -ffast-math  conftest.c >&5
configure:12117: $? = 0
configure:12132: gcc -shared  -fPIC -DPIC conftest.o  -v -Wl,-soname -Wl,conftest -o conftest 2\>\&1 \| /bin/grep  -lc  \>/dev/null 2\>\&1
configure:12135: $? = 0
configure:12149: result: no
configure:12309: checking dynamic linker characteristics
configure:12890: gcc -o conftest -O3 -fomit-frame-pointer -malign-double -fstrict-aliasing -ffast-math   -Wl,-rpath -Wl,/foo conftest.c  >&5
configure:12890: $? = 0
configure:13139: result: GNU/Linux ld.so
configure:13261: checking how to hardcode library paths into programs
configure:13286: result: immediate
configure:13834: checking whether stripping libraries is possible
configure:13839: result: yes
configure:13874: checking if libtool supports shared libraries
configure:13876: result: yes
configure:13879: checking whether to build shared libraries
configure:13904: result: yes
configure:13907: checking whether to build static libraries
configure:13911: result: yes
configure:13934: checking how to run the C++ preprocessor
configure:13961: g++ -E  conftest.cpp
configure:13961: $? = 0
configure:13975: g++ -E  conftest.cpp
conftest.cpp:25:10: fatal error: ac_nonexistent.h: No such file or directory
 #include <ac_nonexistent.h>
          ^~~~~~~~~~~~~~~~~~
compilation terminated.
configure:13975: $? = 1
configure: failed program was:
| /* confdefs.h */
| #define PACKAGE_NAME "isl"
| #define PACKAGE_TARNAME "isl"
| #define PACKAGE_VERSION "0.18"
| #define PACKAGE_STRING "isl 0.18"
| #define PACKAGE_BUGREPORT "isl-development@googlegroups.com"
| #define PACKAGE_URL ""
| #define PACKAGE "isl"
| #define VERSION "0.18"
| #define GCC_WARN_UNUSED_RESULT __attribute__((__warn_unused_result__))
| #define HAVE___ATTRIBUTE__ 1
| #define STDC_HEADERS 1
| #define HAVE_SYS_TYPES_H 1
| #define HAVE_SYS_STAT_H 1
| #define HAVE_STDLIB_H 1
| #define HAVE_STRING_H 1
| #define HAVE_MEMORY_H 1
| #define HAVE_STRINGS_H 1
| #define HAVE_INTTYPES_H 1
| #define HAVE_STDINT_H 1
| #define HAVE_UNISTD_H 1
| #define HAVE_DLFCN_H 1
| #define LT_OBJDIR ".libs/"
| /* end confdefs.h.  */
| #include <ac_nonexistent.h>
configure:14000: result: g++ -E
configure:14020: g++ -E  conftest.cpp
configure:14020: $? = 0
configure:14034: g++ -E  conftest.cpp
conftest.cpp:25:10: fatal error: ac_nonexistent.h: No such file or directory
 #include <ac_nonexistent.h>
          ^~~~~~~~~~~~~~~~~~
compilation terminated.
configure:14034: $? = 1
configure: failed program was:
| /* confdefs.h */
| #define PACKAGE_NAME "isl"
| #define PACKAGE_TARNAME "isl"
| #define PACKAGE_VERSION "0.18"
| #define PACKAGE_STRING "isl 0.18"
| #define PACKAGE_BUGREPORT "isl-development@googlegroups.com"
| #define PACKAGE_URL ""
| #define PACKAGE "isl"
| #define VERSION "0.18"
| #define GCC_WARN_UNUSED_RESULT __attribute__((__warn_unused_result__))
| #define HAVE___ATTRIBUTE__ 1
| #define STDC_HEADERS 1
| #define HAVE_SYS_TYPES_H 1
| #define HAVE_SYS_STAT_H 1
| #define HAVE_STDLIB_H 1
| #define HAVE_STRING_H 1
| #define HAVE_MEMORY_H 1
| #define HAVE_STRINGS_H 1
| #define HAVE_INTTYPES_H 1
| #define HAVE_STDINT_H 1
| #define HAVE_UNISTD_H 1
| #define HAVE_DLFCN_H 1
| #define LT_OBJDIR ".libs/"
| /* end confdefs.h.  */
| #include <ac_nonexistent.h>
configure:14196: checking for ld used by g++
configure:14263: result: /usr/bin/ld -m elf_x86_64
configure:14270: checking if the linker (/usr/bin/ld -m elf_x86_64) is GNU ld
configure:14285: result: yes
configure:14340: checking whether the g++ linker (/usr/bin/ld -m elf_x86_64) supports shared libraries
configure:15413: result: yes
configure:15449: g++ -c -g -O2  conftest.cpp >&5
configure:15452: $? = 0
configure:15933: checking for g++ option to produce PIC
configure:15940: result: -fPIC -DPIC
configure:15948: checking if g++ PIC flag -fPIC -DPIC works
configure:15966: g++ -c -g -O2  -fPIC -DPIC -DPIC conftest.cpp >&5
configure:15970: $? = 0
configure:15983: result: yes
configure:16006: checking if g++ static flag -static works
configure:16034: result: yes
configure:16046: checking if g++ supports -c -o file.o
configure:16067: g++ -c -g -O2  -o out/conftest2.o conftest.cpp >&5
configure:16071: $? = 0
configure:16093: result: yes
configure:16098: checking if g++ supports -c -o file.o
configure:16145: result: yes
configure:16175: checking whether the g++ linker (/usr/bin/ld -m elf_x86_64) supports shared libraries
configure:16218: result: yes
configure:16359: checking dynamic linker characteristics
configure:17116: result: GNU/Linux ld.so
configure:17181: checking how to hardcode library paths into programs
configure:17206: result: immediate
configure:17270: checking for perl
configure:17286: found /usr/bin/perl
configure:17297: result: perl
configure:17307: checking for pdflatex
configure:17337: result: no
configure:17344: checking for pod2html
configure:17360: found /usr/bin/pod2html
configure:17371: result: pod2html
configure:17390: checking for stdint types
configure:17413: gcc -c   conftest.c >&5
configure:17413: $? = 0
configure:17457: result: stdint.h (shortcircuit)
configure:17844: result: make use of stdint.h in include/isl/stdint.h (assuming C99 compatible system)
configure:17958: checking which gmp to use
configure:17960: result: system
configure:17978: checking gmp.h usability
configure:17978: gcc -c -O3 -fomit-frame-pointer -malign-double -fstrict-aliasing -ffast-math   conftest.c >&5
configure:17978: $? = 0
configure:17978: result: yes
configure:17978: checking gmp.h presence
configure:17978: gcc -E   conftest.c
configure:17978: $? = 0
configure:17978: result: yes
configure:17978: checking for gmp.h
configure:17978: result: yes
configure:17986: checking for main in -lgmp
configure:18005: gcc -o conftest -O3 -fomit-frame-pointer -malign-double -fstrict-aliasing -ffast-math     conftest.c -lgmp  -lgmp  >&5
configure:18005: $? = 0
configure:18014: result: yes
configure:18042: gcc -o conftest -O3 -fomit-frame-pointer -malign-double -fstrict-aliasing -ffast-math     conftest.c -lgmp -lgmp  >&5
configure:18042: $? = 0
configure:18065: checking whether mp_get_memory_functions is declared
configure:18065: gcc -c -O3 -fomit-frame-pointer -malign-double -fstrict-aliasing -ffast-math   conftest.c >&5
configure:18065: $? = 0
configure:18065: result: yes
configure:18175: checking whether ffs is declared
configure:18175: gcc -c -O3 -fomit-frame-pointer -malign-double -fstrict-aliasing -ffast-math  conftest.c >&5
configure:18175: $? = 0
configure:18175: result: yes
configure:18187: checking whether __builtin_ffs is declared
configure:18187: gcc -c -O3 -fomit-frame-pointer -malign-double -fstrict-aliasing -ffast-math  conftest.c >&5
configure:18187: $? = 0
configure:18187: result: yes
configure:18198: checking whether _BitScanForward is declared
configure:18198: gcc -c -O3 -fomit-frame-pointer -malign-double -fstrict-aliasing -ffast-math  conftest.c >&5
conftest.c:30:10: fatal error: intrin.h: No such file or directory
 #include <intrin.h>
          ^~~~~~~~~~
compilation terminated.
configure:18198: $? = 1
configure: failed program was:
| /* confdefs.h */
| #define PACKAGE_NAME "isl"
| #define PACKAGE_TARNAME "isl"
| #define PACKAGE_VERSION "0.18"
| #define PACKAGE_STRING "isl 0.18"
| #define PACKAGE_BUGREPORT "isl-development@googlegroups.com"
| #define PACKAGE_URL ""
| #define PACKAGE "isl"
| #define VERSION "0.18"
| #define GCC_WARN_UNUSED_RESULT __attribute__((__warn_unused_result__))
| #define HAVE___ATTRIBUTE__ 1
| #define STDC_HEADERS 1
| #define HAVE_SYS_TYPES_H 1
| #define HAVE_SYS_STAT_H 1
| #define HAVE_STDLIB_H 1
| #define HAVE_STRING_H 1
| #define HAVE_MEMORY_H 1
| #define HAVE_STRINGS_H 1
| #define HAVE_INTTYPES_H 1
| #define HAVE_STDINT_H 1
| #define HAVE_UNISTD_H 1
| #define HAVE_DLFCN_H 1
| #define LT_OBJDIR ".libs/"
| #define USE_GMP_FOR_MP /**/
| #define HAVE_LIBGMP 1
| #define HAVE_DECL_MP_GET_MEMORY_FUNCTIONS 1
| #define HAVE_DECL_FFS 1
| #define HAVE_DECL___BUILTIN_FFS 1
| /* end confdefs.h.  */
| #include <intrin.h>
| 
| int
| main ()
| {
| #ifndef _BitScanForward
| #ifdef __cplusplus
|   (void) _BitScanForward;
| #else
|   (void) _BitScanForward;
| #endif
| #endif
| 
|   ;
|   return 0;
| }
configure:18198: result: no
configure:18215: checking whether strcasecmp is declared
configure:18215: gcc -c -O3 -fomit-frame-pointer -malign-double -fstrict-aliasing -ffast-math  conftest.c >&5
configure:18215: $? = 0
configure:18215: result: yes
configure:18226: checking whether strncasecmp is declared
configure:18226: gcc -c -O3 -fomit-frame-pointer -malign-double -fstrict-aliasing -ffast-math  conftest.c >&5
configure:18226: $? = 0
configure:18226: result: yes
configure:18238: checking whether _stricmp is declared
configure:18238: gcc -c -O3 -fomit-frame-pointer -malign-double -fstrict-aliasing -ffast-math  conftest.c >&5
conftest.c: In function 'main':
conftest.c:42:10: error: '_stricmp' undeclared (first use in this function); did you mean 'strncmp'?
   (void) _stricmp;
          ^~~~~~~~
          strncmp
conftest.c:42:10: note: each undeclared identifier is reported only once for each function it appears in
configure:18238: $? = 1
configure: failed program was:
| /* confdefs.h */
| #define PACKAGE_NAME "isl"
| #define PACKAGE_TARNAME "isl"
| #define PACKAGE_VERSION "0.18"
| #define PACKAGE_STRING "isl 0.18"
| #define PACKAGE_BUGREPORT "isl-development@googlegroups.com"
| #define PACKAGE_URL ""
| #define PACKAGE "isl"
| #define VERSION "0.18"
| #define GCC_WARN_UNUSED_RESULT __attribute__((__warn_unused_result__))
| #define HAVE___ATTRIBUTE__ 1
| #define STDC_HEADERS 1
| #define HAVE_SYS_TYPES_H 1
| #define HAVE_SYS_STAT_H 1
| #define HAVE_STDLIB_H 1
| #define HAVE_STRING_H 1
| #define HAVE_MEMORY_H 1
| #define HAVE_STRINGS_H 1
| #define HAVE_INTTYPES_H 1
| #define HAVE_STDINT_H 1
| #define HAVE_UNISTD_H 1
| #define HAVE_DLFCN_H 1
| #define LT_OBJDIR ".libs/"
| #define USE_GMP_FOR_MP /**/
| #define HAVE_LIBGMP 1
| #define HAVE_DECL_MP_GET_MEMORY_FUNCTIONS 1
| #define HAVE_DECL_FFS 1
| #define HAVE_DECL___BUILTIN_FFS 1
| #define HAVE_DECL__BITSCANFORWARD 0
| #define HAVE_DECL_STRCASECMP 1
| #define HAVE_DECL_STRNCASECMP 1
| /* end confdefs.h.  */
| #include <string.h>
| 
| int
| main ()
| {
| #ifndef _stricmp
| #ifdef __cplusplus
|   (void) _stricmp;
| #else
|   (void) _stricmp;
| #endif
| #endif
| 
|   ;
|   return 0;
| }
configure:18238: result: no
configure:18249: checking whether _strnicmp is declared
configure:18249: gcc -c -O3 -fomit-frame-pointer -malign-double -fstrict-aliasing -ffast-math  conftest.c >&5
conftest.c: In function 'main':
conftest.c:43:10: error: '_strnicmp' undeclared (first use in this function); did you mean 'strncmp'?
   (void) _strnicmp;
          ^~~~~~~~~
          strncmp
conftest.c:43:10: note: each undeclared identifier is reported only once for each function it appears in
configure:18249: $? = 1
configure: failed program was:
| /* confdefs.h */
| #define PACKAGE_NAME "isl"
| #define PACKAGE_TARNAME "isl"
| #define PACKAGE_VERSION "0.18"
| #define PACKAGE_STRING "isl 0.18"
| #define PACKAGE_BUGREPORT "isl-development@googlegroups.com"
| #define PACKAGE_URL ""
| #define PACKAGE "isl"
| #define VERSION "0.18"
| #define GCC_WARN_UNUSED_RESULT __attribute__((__warn_unused_result__))
| #define HAVE___ATTRIBUTE__ 1
| #define STDC_HEADERS 1
| #define HAVE_SYS_TYPES_H 1
| #define HAVE_SYS_STAT_H 1
| #define HAVE_STDLIB_H 1
| #define HAVE_STRING_H 1
| #define HAVE_MEMORY_H 1
| #define HAVE_STRINGS_H 1
| #define HAVE_INTTYPES_H 1
| #define HAVE_STDINT_H 1
| #define HAVE_UNISTD_H 1
| #define HAVE_DLFCN_H 1
| #define LT_OBJDIR ".libs/"
| #define USE_GMP_FOR_MP /**/
| #define HAVE_LIBGMP 1
| #define HAVE_DECL_MP_GET_MEMORY_FUNCTIONS 1
| #define HAVE_DECL_FFS 1
| #define HAVE_DECL___BUILTIN_FFS 1
| #define HAVE_DECL__BITSCANFORWARD 0
| #define HAVE_DECL_STRCASECMP 1
| #define HAVE_DECL_STRNCASECMP 1
| #define HAVE_DECL__STRICMP 0
| /* end confdefs.h.  */
| #include <string.h>
| 
| int
| main ()
| {
| #ifndef _strnicmp
| #ifdef __cplusplus
|   (void) _strnicmp;
| #else
|   (void) _strnicmp;
| #endif
| #endif
| 
|   ;
|   return 0;
| }
configure:18249: result: no
configure:18269: checking whether snprintf is declared
configure:18269: gcc -c -O3 -fomit-frame-pointer -malign-double -fstrict-aliasing -ffast-math  conftest.c >&5
configure:18269: $? = 0
configure:18269: result: yes
configure:18280: checking whether _snprintf is declared
configure:18280: gcc -c -O3 -fomit-frame-pointer -malign-double -fstrict-aliasing -ffast-math  conftest.c >&5
conftest.c: In function 'main':
conftest.c:45:10: error: '_snprintf' undeclared (first use in this function); did you mean 'vsnprintf'?
   (void) _snprintf;
          ^~~~~~~~~
          vsnprintf
conftest.c:45:10: note: each undeclared identifier is reported only once for each function it appears in
configure:18280: $? = 1
configure: failed program was:
| /* confdefs.h */
| #define PACKAGE_NAME "isl"
| #define PACKAGE_TARNAME "isl"
| #define PACKAGE_VERSION "0.18"
| #define PACKAGE_STRING "isl 0.18"
| #define PACKAGE_BUGREPORT "isl-development@googlegroups.com"
| #define PACKAGE_URL ""
| #define PACKAGE "isl"
| #define VERSION "0.18"
| #define GCC_WARN_UNUSED_RESULT __attribute__((__warn_unused_result__))
| #define HAVE___ATTRIBUTE__ 1
| #define STDC_HEADERS 1
| #define HAVE_SYS_TYPES_H 1
| #define HAVE_SYS_STAT_H 1
| #define HAVE_STDLIB_H 1
| #define HAVE_STRING_H 1
| #define HAVE_MEMORY_H 1
| #define HAVE_STRINGS_H 1
| #define HAVE_INTTYPES_H 1
| #define HAVE_STDINT_H 1
| #define HAVE_UNISTD_H 1
| #define HAVE_DLFCN_H 1
| #define LT_OBJDIR ".libs/"
| #define USE_GMP_FOR_MP /**/
| #define HAVE_LIBGMP 1
| #define HAVE_DECL_MP_GET_MEMORY_FUNCTIONS 1
| #define HAVE_DECL_FFS 1
| #define HAVE_DECL___BUILTIN_FFS 1
| #define HAVE_DECL__BITSCANFORWARD 0
| #define HAVE_DECL_STRCASECMP 1
| #define HAVE_DECL_STRNCASECMP 1
| #define HAVE_DECL__STRICMP 0
| #define HAVE_DECL__STRNICMP 0
| #define HAVE_DECL_SNPRINTF 1
| /* end confdefs.h.  */
| #include <stdio.h>
| 
| int
| main ()
| {
| #ifndef _snprintf
| #ifdef __cplusplus
|   (void) _snprintf;
| #else
|   (void) _snprintf;
| #endif
| #endif
| 
|   ;
|   return 0;
| }
configure:18280: result: no
configure:18377: checking which clang to use
configure:18379: result: no
configure:19011: checking for C compiler vendor
configure:19042: result: gnu
configure:19063: checking our pkgconfig libname
configure:19071: result: isl
configure:19074: checking our pkgconfig version
configure:19082: result: 0.18
configure:19085: checking our pkgconfig_libdir
configure:19092: result: ${libdir}/pkgconfig
configure:19095: result: expanded our pkgconfig_libdir... /usr/local/lib/pkgconfig
configure:19099: checking our pkgconfig_libfile
configure:19105: result: isl.pc
configure:19112: checking our package / suffix
configure:19116: result: isl / 
configure:19119: checking our pkgconfig description
configure:19126: result: isl Library
configure:19129: checking our pkgconfig requires
configure:19134: result: 
configure:19137: checking our pkgconfig ext libs
configure:19144: result: -lisl -lgmp
configure:19147: checking our pkgconfig cppflags
configure:19152: result: 
configure:19155: checking our pkgconfig ldflags
configure:19160: result: 
configure:19200: result: noninstalled pkgconfig -L /home/becker/SAGrid-2.0/isl-deploy/isl-0.18/.libs
configure:19235: result: noninstalled pkgconfig -I /home/becker/SAGrid-2.0/isl-deploy/isl-0.18/./include
configure:19405: checking that generated files are newer than configure
configure:19411: result: done
configure:19466: creating ./config.status

## ---------------------- ##
## Running config.status. ##
## ---------------------- ##

This file was extended by isl config.status 0.18, which was
generated by GNU Autoconf 2.69.  Invocation command line was

  CONFIG_FILES    = 
  CONFIG_HEADERS  = 
  CONFIG_LINKS    = 
  CONFIG_COMMANDS = 
  $ ./config.status 

on tank

config.status:1240: creating isl_srcdir.c
config.status:1240: creating Makefile
config.status:1240: creating doc/Makefile
config.status:1240: creating bound_test.sh
config.status:1240: creating codegen_test.sh
config.status:1240: creating pip_test.sh
config.status:1240: creating isl_config.h
config.status:1421: isl_config.h is unchanged
config.status:1469: executing depfiles commands
config.status:1469: executing libtool commands
config.status:1469: executing include/isl/stdint.h commands
config.status:2280: creating include/isl/stdint.h : _ISL_INCLUDE_ISL_STDINT_H
config.status:2722: include/isl/stdint.h is unchanged
config.status:1469: executing isl.pc commands
config.status:2762: creating isl.pc.in
config.status:2785: creating isl.pc
config.status:2811: creating isl-uninstalled.pc
config.status:2841: creating isl-uninstalled.sh

## ---------------- ##
## Cache variables. ##
## ---------------- ##

ac_cv_build=x86_64-unknown-linux-gnu
ac_cv_c_compiler_gnu=yes
ac_cv_cxx_compiler_gnu=yes
ac_cv_env_CCC_set=
ac_cv_env_CCC_value=
ac_cv_env_CC_set=
ac_cv_env_CC_value=
ac_cv_env_CFLAGS_set=
ac_cv_env_CFLAGS_value=
ac_cv_env_CPPFLAGS_set=
ac_cv_env_CPPFLAGS_value=
ac_cv_env_CPP_set=
ac_cv_env_CPP_value=
ac_cv_env_CXXCPP_set=
ac_cv_env_CXXCPP_value=
ac_cv_env_CXXFLAGS_set=
ac_cv_env_CXXFLAGS_value=
ac_cv_env_CXX_set=
ac_cv_env_CXX_value=
ac_cv_env_LDFLAGS_set=
ac_cv_env_LDFLAGS_value=
ac_cv_env_LIBS_set=
ac_cv_env_LIBS_value=
ac_cv_env_LT_SYS_LIBRARY_PATH_set=
ac_cv_env_LT_SYS_LIBRARY_PATH_value=
ac_cv_env_build_alias_set=
ac_cv_env_build_alias_value=
ac_cv_env_host_alias_set=
ac_cv_env_host_alias_value=
ac_cv_env_target_alias_set=
ac_cv_env_target_alias_value=
ac_cv_have_decl__BitScanForward=no
ac_cv_have_decl___builtin_ffs=yes
ac_cv_have_decl__snprintf=no
ac_cv_have_decl__stricmp=no
ac_cv_have_decl__strnicmp=no
ac_cv_have_decl_ffs=yes
ac_cv_have_decl_mp_get_memory_functions=yes
ac_cv_have_decl_snprintf=yes
ac_cv_have_decl_strcasecmp=yes
ac_cv_have_decl_strncasecmp=yes
ac_cv_header_dlfcn_h=yes
ac_cv_header_gmp_h=yes
ac_cv_header_inttypes_h=yes
ac_cv_header_memory_h=yes
ac_cv_header_stdc=yes
ac_cv_header_stdint=stdint.h
ac_cv_header_stdint_h=yes
ac_cv_header_stdint_t=stdint.h
ac_cv_header_stdlib_h=yes
ac_cv_header_string_h=yes
ac_cv_header_strings_h=yes
ac_cv_header_sys_stat_h=yes
ac_cv_header_sys_types_h=yes
ac_cv_header_unistd_h=yes
ac_cv_host=x86_64-unknown-linux-gnu
ac_cv_lib_gmp_main=yes
ac_cv_objext=o
ac_cv_path_EGREP='/bin/grep -E'
ac_cv_path_FGREP='/bin/grep -F'
ac_cv_path_GREP=/bin/grep
ac_cv_path_SED=/bin/sed
ac_cv_path_install='/usr/bin/install -c'
ac_cv_path_lt_DD=/bin/dd
ac_cv_path_mkdir=/bin/mkdir
ac_cv_prog_AWK=gawk
ac_cv_prog_CPP='gcc -E'
ac_cv_prog_CXXCPP='g++ -E'
ac_cv_prog_PERL=perl
ac_cv_prog_POD2HTML=pod2html
ac_cv_prog_ac_ct_AR=ar
ac_cv_prog_ac_ct_CC=gcc
ac_cv_prog_ac_ct_CXX=g++
ac_cv_prog_ac_ct_MANIFEST_TOOL=mt
ac_cv_prog_ac_ct_OBJDUMP=objdump
ac_cv_prog_ac_ct_RANLIB=ranlib
ac_cv_prog_ac_ct_STRIP=strip
ac_cv_prog_cc_c89=
ac_cv_prog_cc_g=yes
ac_cv_prog_cxx_g=yes
ac_cv_prog_make_make_set=yes
ac_cv_stdint_message='using gnu compiler gcc (Ubuntu 7.2.0-8ubuntu3.2) 7.2.0'
ac_cv_stdint_result='(assuming C99 compatible system)'
am_cv_CC_dependencies_compiler_type=gcc3
am_cv_CXX_dependencies_compiler_type=gcc3
am_cv_make_support_nested_variables=yes
am_cv_prog_cc_c_o=yes
ax_cv___attribute__=yes
ax_cv_c_compiler_vendor=gnu
ax_cv_c_flags__O3__fomit_frame_pointer__malign_double__fstrict_aliasing__ffast_math=yes
ax_cv_c_flags__ffast_math=yes
ax_cv_c_flags__fstrict_aliasing=yes
ax_cv_c_flags__malign_double=yes
ax_cv_c_flags__march_pentiumpro=no
ax_cv_c_flags__mcpu_pentiumpro=no
ax_cv_c_flags__mpentiumpro=no
ax_cv_gcc_archflag=unknown
ax_cv_gcc_warn_unused_result=yes
ax_cv_gcc_x86_cpuid_0=16:756e6547:6c65746e:49656e69
ax_cv_gcc_x86_cpuid_1=806ea:100800:7ffafbbf:bfebfbff
lt_cv_ar_at_file=@
lt_cv_archive_cmds_need_lc=no
lt_cv_deplibs_check_method=pass_all
lt_cv_file_magic_cmd='$MAGIC_CMD'
lt_cv_file_magic_test_file=
lt_cv_ld_reload_flag=-r
lt_cv_nm_interface='BSD nm'
lt_cv_objdir=.libs
lt_cv_path_LD=/usr/bin/ld
lt_cv_path_LDCXX='/usr/bin/ld -m elf_x86_64'
lt_cv_path_NM='/usr/bin/nm -B'
lt_cv_path_mainfest_tool=no
lt_cv_prog_compiler_c_o=yes
lt_cv_prog_compiler_c_o_CXX=yes
lt_cv_prog_compiler_pic='-fPIC -DPIC'
lt_cv_prog_compiler_pic_CXX='-fPIC -DPIC'
lt_cv_prog_compiler_pic_works=yes
lt_cv_prog_compiler_pic_works_CXX=yes
lt_cv_prog_compiler_rtti_exceptions=no
lt_cv_prog_compiler_static_works=yes
lt_cv_prog_compiler_static_works_CXX=yes
lt_cv_prog_gnu_ld=yes
lt_cv_prog_gnu_ldcxx=yes
lt_cv_sharedlib_from_linklib_cmd='printf %s\n'
lt_cv_shlibpath_overrides_runpath=yes
lt_cv_sys_global_symbol_pipe='sed -n -e '\''s/^.*[	 ]\([ABCDGIRSTW][ABCDGIRSTW]*\)[	 ][	 ]*\([_A-Za-z][_A-Za-z0-9]*\)$/\1 \2 \2/p'\'' | sed '\''/ __gnu_lto/d'\'''
lt_cv_sys_global_symbol_to_c_name_address='sed -n -e '\''s/^: \(.*\) .*$/  {"\1", (void *) 0},/p'\'' -e '\''s/^[ABCDGIRSTW][ABCDGIRSTW]* .* \(.*\)$/  {"\1", (void *) \&\1},/p'\'''
lt_cv_sys_global_symbol_to_c_name_address_lib_prefix='sed -n -e '\''s/^: \(.*\) .*$/  {"\1", (void *) 0},/p'\'' -e '\''s/^[ABCDGIRSTW][ABCDGIRSTW]* .* \(lib.*\)$/  {"\1", (void *) \&\1},/p'\'' -e '\''s/^[ABCDGIRSTW][ABCDGIRSTW]* .* \(.*\)$/  {"lib\1", (void *) \&\1},/p'\'''
lt_cv_sys_global_symbol_to_cdecl='sed -n -e '\''s/^T .* \(.*\)$/extern int \1();/p'\'' -e '\''s/^[ABCDGIRSTW][ABCDGIRSTW]* .* \(.*\)$/extern char \1;/p'\'''
lt_cv_sys_global_symbol_to_import=
lt_cv_sys_max_cmd_len=1572864
lt_cv_to_host_file_cmd=func_convert_file_noop
lt_cv_to_tool_file_cmd=func_convert_file_noop
lt_cv_truncate_bin='/bin/dd bs=4096 count=1'

## ----------------- ##
## Output variables. ##
## ----------------- ##

ACLOCAL='${SHELL} /home/becker/SAGrid-2.0/isl-deploy/isl-0.18/missing aclocal-1.15'
AMDEPBACKSLASH='\'
AMDEP_FALSE='#'
AMDEP_TRUE=''
AMTAR='$${TAR-tar}'
AM_BACKSLASH='\'
AM_DEFAULT_V='$(AM_DEFAULT_VERBOSITY)'
AM_DEFAULT_VERBOSITY='0'
AM_V='$(V)'
AR='ar'
AUTOCONF='${SHELL} /home/becker/SAGrid-2.0/isl-deploy/isl-0.18/missing autoconf'
AUTOHEADER='${SHELL} /home/becker/SAGrid-2.0/isl-deploy/isl-0.18/missing autoheader'
AUTOMAKE='${SHELL} /home/becker/SAGrid-2.0/isl-deploy/isl-0.18/missing automake-1.15'
AWK='gawk'
CC='gcc'
CCDEPMODE='depmode=gcc3'
CFLAGS='-O3 -fomit-frame-pointer -malign-double -fstrict-aliasing -ffast-math'
CLANG_CXXFLAGS=''
CLANG_LDFLAGS=''
CLANG_LIBS=''
CPP='gcc -E'
CPPFLAGS=''
CXX='g++'
CXXCPP='g++ -E'
CXXDEPMODE='depmode=gcc3'
CXXFLAGS='-g -O2'
CYGPATH_W='echo'
DEFS='-DHAVE_CONFIG_H'
DEPDIR='.deps'
DLLTOOL='false'
DSYMUTIL=''
DUMPBIN=''
ECHO_C=''
ECHO_N='-n'
ECHO_T=''
EGREP='/bin/grep -E'
EXEEXT=''
FGREP='/bin/grep -F'
GENERATE_DOC_FALSE=''
GENERATE_DOC_TRUE='#'
GIT_HEAD=''
GIT_HEAD_ID='isl-0.18'
GIT_HEAD_VERSION='isl-0.18'
GMP_FOR_MP_FALSE='#'
GMP_FOR_MP_TRUE=''
GREP='/bin/grep'
HAVE_CLANG_FALSE=''
HAVE_CLANG_TRUE='#'
IMATH_FOR_MP_FALSE=''
IMATH_FOR_MP_TRUE='#'
INSTALL_DATA='${INSTALL} -m 644'
INSTALL_PROGRAM='${INSTALL}'
INSTALL_SCRIPT='${INSTALL}'
INSTALL_STRIP_PROGRAM='$(install_sh) -c -s'
LD='/usr/bin/ld -m elf_x86_64'
LDFLAGS=''
LIBOBJS=''
LIBS=''
LIBTOOL='$(SHELL) $(top_builddir)/libtool'
LIB_CLANG_EDIT=''
LIPO=''
LN_S='ln -s'
LTLIBOBJS=''
LT_SYS_LIBRARY_PATH=''
MAKEINFO='${SHELL} /home/becker/SAGrid-2.0/isl-deploy/isl-0.18/missing makeinfo'
MANIFEST_TOOL=':'
MKDIR_P='/bin/mkdir -p'
MP_CPPFLAGS=''
MP_LDFLAGS=''
MP_LIBS='-lgmp'
NEED_GET_MEMORY_FUNCTIONS_FALSE=''
NEED_GET_MEMORY_FUNCTIONS_TRUE='#'
NM='/usr/bin/nm -B'
NMEDIT=''
OBJDUMP='objdump'
OBJEXT='o'
OTOOL64=''
OTOOL=''
PACKAGE='isl'
PACKAGE_BUGREPORT='isl-development@googlegroups.com'
PACKAGE_NAME='isl'
PACKAGE_STRING='isl 0.18'
PACKAGE_TARNAME='isl'
PACKAGE_URL=''
PACKAGE_VERSION='0.18'
PATH_SEPARATOR=':'
PDFLATEX=''
PERL='perl'
POD2HTML='pod2html'
PRTDIAG=''
RANLIB='ranlib'
SED='/bin/sed'
SET_MAKE=''
SHELL='/bin/bash'
SMALL_INT_OPT_FALSE=''
SMALL_INT_OPT_TRUE='#'
STRIP='strip'
VERSION='0.18'
WARNING_FLAGS=''
ac_ct_AR='ar'
ac_ct_CC='gcc'
ac_ct_CXX='g++'
ac_ct_DUMPBIN=''
am__EXEEXT_FALSE=''
am__EXEEXT_TRUE='#'
am__fastdepCC_FALSE='#'
am__fastdepCC_TRUE=''
am__fastdepCXX_FALSE='#'
am__fastdepCXX_TRUE=''
am__include='include'
am__isrc=''
am__leading_dot='.'
am__nodep='_no'
am__quote=''
am__tar='$${TAR-tar} chof - "$$tardir"'
am__untar='$${TAR-tar} xf -'
bindir='${exec_prefix}/bin'
build='x86_64-unknown-linux-gnu'
build_alias=''
build_cpu='x86_64'
build_os='linux-gnu'
build_vendor='unknown'
datadir='${datarootdir}'
datarootdir='${prefix}/share'
docdir='${datarootdir}/doc/${PACKAGE_TARNAME}'
dvidir='${docdir}'
exec_prefix='${prefix}'
host='x86_64-unknown-linux-gnu'
host_alias=''
host_cpu='x86_64'
host_os='linux-gnu'
host_vendor='unknown'
htmldir='${docdir}'
includedir='${prefix}/include'
infodir='${datarootdir}/info'
install_sh='${SHELL} /home/becker/SAGrid-2.0/isl-deploy/isl-0.18/install-sh'
libdir='${exec_prefix}/lib'
libexecdir='${exec_prefix}/libexec'
llvm_config_found=''
localedir='${datarootdir}/locale'
localstatedir='${prefix}/var'
mandir='${datarootdir}/man'
mkdir_p='$(MKDIR_P)'
oldincludedir='/usr/include'
pdfdir='${docdir}'
pkgconfig_libdir='${libdir}/pkgconfig'
pkgconfig_libfile='isl.pc'
prefix='/usr/local'
program_transform_name='s,x,x,'
psdir='${docdir}'
runstatedir='${localstatedir}/run'
sbindir='${exec_prefix}/sbin'
sharedstatedir='${prefix}/com'
sysconfdir='${prefix}/etc'
target_alias=''
versioninfo='18:0:3'

## ----------- ##
## confdefs.h. ##
## ----------- ##

/* confdefs.h */
#define PACKAGE_NAME "isl"
#define PACKAGE_TARNAME "isl"
#define PACKAGE_VERSION "0.18"
#define PACKAGE_STRING "isl 0.18"
#define PACKAGE_BUGREPORT "isl-development@googlegroups.com"
#define PACKAGE_URL ""
#define PACKAGE "isl"
#define VERSION "0.18"
#define GCC_WARN_UNUSED_RESULT __attribute__((__warn_unused_result__))
#define HAVE___ATTRIBUTE__ 1
#define STDC_HEADERS 1
#define HAVE_SYS_TYPES_H 1
#define HAVE_SYS_STAT_H 1
#define HAVE_STDLIB_H 1
#define HAVE_STRING_H 1
#define HAVE_MEMORY_H 1
#define HAVE_STRINGS_H 1
#define HAVE_INTTYPES_H 1
#define HAVE_STDINT_H 1
#define HAVE_UNISTD_H 1
#define HAVE_DLFCN_H 1
#define LT_OBJDIR ".libs/"
#define USE_GMP_FOR_MP /**/
#define HAVE_LIBGMP 1
#define HAVE_DECL_MP_GET_MEMORY_FUNCTIONS 1
#define HAVE_DECL_FFS 1
#define HAVE_DECL___BUILTIN_FFS 1
#define HAVE_DECL__BITSCANFORWARD 0
#define HAVE_DECL_STRCASECMP 1
#define HAVE_DECL_STRNCASECMP 1
#define HAVE_DECL__STRICMP 0
#define HAVE_DECL__STRNICMP 0
#define HAVE_DECL_SNPRINTF 1
#define HAVE_DECL__SNPRINTF 0

configure: exit 0
